127.0.0.1 - - [16/May/2022:14:16:34 +0200] "GET /index.php HTTP/1.1" 200 447
127.0.0.1 - - [16/May/2022:14:16:34 +0200] "GET /favicon.ico HTTP/1.1" 404 209
::1 - - [16/May/2022:14:16:39 +0200] "GET /index.php HTTP/1.1" 200 447
::1 - - [16/May/2022:14:16:39 +0200] "GET /css/styles.css HTTP/1.1" 200 1083
::1 - - [16/May/2022:14:16:39 +0200] "GET /favicon.ico HTTP/1.1" 404 209
::1 - - [16/May/2022:14:17:00 +0200] "GET /index.php HTTP/1.1" 200 447
::1 - - [16/May/2022:14:17:00 +0200] "GET /css/styles.css HTTP/1.1" 200 1103
::1 - - [16/May/2022:14:17:00 +0200] "GET /css/Images%0Burger.jpg HTTP/1.1" 403 222
::1 - - [16/May/2022:14:17:01 +0200] "GET /index.php HTTP/1.1" 200 447
::1 - - [16/May/2022:14:17:01 +0200] "GET /css/styles.css HTTP/1.1" 304 -
::1 - - [16/May/2022:14:17:01 +0200] "GET /index.php HTTP/1.1" 200 447
::1 - - [16/May/2022:14:17:01 +0200] "GET /css/styles.css HTTP/1.1" 304 -
::1 - - [16/May/2022:14:17:09 +0200] "GET /index.php HTTP/1.1" 200 447
::1 - - [16/May/2022:14:17:09 +0200] "GET /css/styles.css HTTP/1.1" 200 1103
::1 - - [16/May/2022:14:17:09 +0200] "GET /css/Images/burger.jpg HTTP/1.1" 200 59458
::1 - - [16/May/2022:14:18:15 +0200] "GET /index.php HTTP/1.1" 200 447
::1 - - [16/May/2022:14:18:15 +0200] "GET /css/styles.css HTTP/1.1" 200 1103
::1 - - [16/May/2022:14:18:47 +0200] "GET /index.php HTTP/1.1" 200 447
::1 - - [16/May/2022:14:18:47 +0200] "GET /css/styles.css HTTP/1.1" 200 1150
::1 - - [16/May/2022:14:18:47 +0200] "GET /css/Images/burger.jpg HTTP/1.1" 304 -
::1 - - [16/May/2022:14:18:53 +0200] "GET /index.php HTTP/1.1" 200 447
::1 - - [16/May/2022:14:18:53 +0200] "GET /css/styles.css HTTP/1.1" 200 1133
::1 - - [16/May/2022:14:19:10 +0200] "GET /index.php HTTP/1.1" 200 447
::1 - - [16/May/2022:14:19:10 +0200] "GET /css/styles.css HTTP/1.1" 200 1133
::1 - - [16/May/2022:14:19:54 +0200] "GET /index.php HTTP/1.1" 200 447
::1 - - [16/May/2022:14:19:54 +0200] "GET /css/styles.css HTTP/1.1" 200 1160
::1 - - [16/May/2022:14:20:12 +0200] "GET /index.php HTTP/1.1" 200 447
::1 - - [16/May/2022:14:20:12 +0200] "GET /css/styles.css HTTP/1.1" 200 1181
::1 - - [16/May/2022:14:20:12 +0200] "GET /css/Images/burger.jpg HTTP/1.1" 304 -
::1 - - [16/May/2022:14:20:13 +0200] "GET /index.php HTTP/1.1" 200 447
::1 - - [16/May/2022:14:20:13 +0200] "GET /css/styles.css HTTP/1.1" 304 -
::1 - - [16/May/2022:14:20:13 +0200] "GET /index.php HTTP/1.1" 200 447
::1 - - [16/May/2022:14:20:13 +0200] "GET /css/styles.css HTTP/1.1" 304 -
::1 - - [16/May/2022:14:20:13 +0200] "GET /index.php HTTP/1.1" 200 447
::1 - - [16/May/2022:14:20:13 +0200] "GET /css/styles.css HTTP/1.1" 304 -
::1 - - [16/May/2022:14:20:19 +0200] "GET /index.php HTTP/1.1" 200 447
::1 - - [16/May/2022:14:20:19 +0200] "GET /css/styles.css HTTP/1.1" 200 1160
::1 - - [16/May/2022:14:20:48 +0200] "GET /index.php HTTP/1.1" 200 447
::1 - - [16/May/2022:14:20:48 +0200] "GET /css/styles.css HTTP/1.1" 200 1179
::1 - - [16/May/2022:14:20:52 +0200] "GET /index.php HTTP/1.1" 200 447
::1 - - [16/May/2022:14:20:52 +0200] "GET /css/styles.css HTTP/1.1" 200 1179
::1 - - [16/May/2022:14:21:04 +0200] "GET /index.php HTTP/1.1" 200 450
::1 - - [16/May/2022:14:21:04 +0200] "GET /css/styles.css HTTP/1.1" 304 -
::1 - - [16/May/2022:14:24:19 +0200] "GET /index.php HTTP/1.1" 200 1250
::1 - - [16/May/2022:14:24:19 +0200] "GET /css/styles.css HTTP/1.1" 304 -
::1 - - [16/May/2022:14:24:19 +0200] "GET /images/menu-pizza.jpg HTTP/1.1" 404 219
::1 - - [16/May/2022:14:24:19 +0200] "GET /css/Images/burger.jpg HTTP/1.1" 304 -
::1 - - [16/May/2022:14:25:34 +0200] "GET /index.php HTTP/1.1" 200 1241
::1 - - [16/May/2022:14:25:34 +0200] "GET /css/styles.css HTTP/1.1" 200 1653
::1 - - [16/May/2022:14:25:34 +0200] "GET /images/menu-pizza.jpg HTTP/1.1" 404 219
::1 - - [16/May/2022:14:26:15 +0200] "GET /index.php HTTP/1.1" 200 1241
::1 - - [16/May/2022:14:26:15 +0200] "GET /css/styles.css HTTP/1.1" 200 1736
::1 - - [16/May/2022:14:26:15 +0200] "GET /images/menu-pizza.jpg HTTP/1.1" 404 219
::1 - - [16/May/2022:14:26:15 +0200] "GET /css/Images/burger.jpg HTTP/1.1" 304 -
::1 - - [16/May/2022:14:45:53 +0200] "GET /index.php HTTP/1.1" 200 1218
::1 - - [16/May/2022:14:45:53 +0200] "GET /css/styles.css HTTP/1.1" 304 -
::1 - - [16/May/2022:14:45:53 +0200] "GET /images/menu-pizza.jpg HTTP/1.1" 404 219
::1 - - [16/May/2022:14:45:53 +0200] "GET /css/Images/burger.jpg HTTP/1.1" 304 -
::1 - - [16/May/2022:14:46:05 +0200] "GET /index.php HTTP/1.1" 200 1221
::1 - - [16/May/2022:14:46:05 +0200] "GET /images/menu-pizza.jpg HTTP/1.1" 404 219
::1 - - [16/May/2022:14:46:21 +0200] "GET /index.php HTTP/1.1" 200 1149
::1 - - [16/May/2022:14:46:38 +0200] "GET /index.php HTTP/1.1" 200 1044
::1 - - [16/May/2022:14:47:33 +0200] "GET /index.php HTTP/1.1" 200 1044
::1 - - [16/May/2022:14:47:34 +0200] "GET /index.php HTTP/1.1" 200 1044
::1 - - [16/May/2022:14:47:43 +0200] "GET /index.php HTTP/1.1" 200 1044
::1 - - [16/May/2022:14:47:54 +0200] "GET /index.php HTTP/1.1" 200 1044
::1 - - [16/May/2022:14:47:54 +0200] "GET /css/styles.css HTTP/1.1" 200 1704
::1 - - [16/May/2022:14:48:05 +0200] "GET /index.php HTTP/1.1" 200 1044
::1 - - [16/May/2022:14:48:05 +0200] "GET /css/styles.css HTTP/1.1" 200 1701
::1 - - [16/May/2022:14:48:26 +0200] "GET /index.php HTTP/1.1" 200 1044
::1 - - [16/May/2022:14:48:26 +0200] "GET /css/styles.css HTTP/1.1" 200 1701
::1 - - [16/May/2022:14:48:32 +0200] "GET /index.php HTTP/1.1" 200 1044
::1 - - [16/May/2022:14:48:32 +0200] "GET /css/styles.css HTTP/1.1" 200 1701
::1 - - [16/May/2022:14:48:48 +0200] "GET /index.php HTTP/1.1" 200 1044
::1 - - [16/May/2022:14:48:48 +0200] "GET /css/styles.css HTTP/1.1" 200 1701
::1 - - [16/May/2022:14:48:54 +0200] "GET /index.php HTTP/1.1" 200 1044
::1 - - [16/May/2022:14:48:54 +0200] "GET /css/styles.css HTTP/1.1" 200 1701
::1 - - [16/May/2022:14:48:59 +0200] "GET /index.php HTTP/1.1" 200 1044
::1 - - [16/May/2022:14:48:59 +0200] "GET /css/styles.css HTTP/1.1" 200 1701
::1 - - [16/May/2022:14:49:04 +0200] "GET /index.php HTTP/1.1" 200 1044
::1 - - [16/May/2022:14:49:04 +0200] "GET /css/styles.css HTTP/1.1" 200 1701
::1 - - [16/May/2022:14:49:28 +0200] "GET /index.php HTTP/1.1" 200 1044
::1 - - [16/May/2022:14:49:28 +0200] "GET /css/styles.css HTTP/1.1" 200 1726
::1 - - [16/May/2022:14:50:39 +0200] "GET /index.php HTTP/1.1" 200 1105
::1 - - [16/May/2022:14:50:39 +0200] "GET /css/styles.css HTTP/1.1" 304 -
::1 - - [16/May/2022:14:50:39 +0200] "GET /images/burger.jpg HTTP/1.1" 404 215
::1 - - [16/May/2022:14:50:39 +0200] "GET /css/Images/burger.jpg HTTP/1.1" 304 -
::1 - - [16/May/2022:14:50:46 +0200] "GET /index.php HTTP/1.1" 200 1109
::1 - - [16/May/2022:14:50:46 +0200] "GET /css/styles.css HTTP/1.1" 304 -
::1 - - [16/May/2022:14:54:15 +0200] "GET /index.php HTTP/1.1" 200 1099
::1 - - [16/May/2022:14:54:15 +0200] "GET /css/styles.css HTTP/1.1" 304 -
::1 - - [16/May/2022:14:55:00 +0200] "GET /phpmyadmin/ HTTP/1.1" 200 7992
::1 - - [16/May/2022:14:55:00 +0200] "GET /phpmyadmin/themes/pmahomme/jquery/jquery-ui-1.9.2.custom.css HTTP/1.1" 304 -
::1 - - [16/May/2022:14:55:00 +0200] "GET /phpmyadmin/js/get_scripts.js.php?scripts[]=jquery/jquery-1.8.3.js&scripts[]=ajax.js&scripts[]=keyhandler.js&scripts[]=jquery/jquery-ui-1.9.2.custom.js&scripts[]=jquery/jquery.sprintf.js&scripts[]=jquery/jquery.cookie.js&scripts[]=jquery/jquery.mousewheel.js&scripts[]=jquery/jquery.event.drag-2.2.js&scripts[]=jquery/jquery-ui-timepicker-addon.js&scripts[]=jquery/jquery.ba-hashchange-1.3.js&scripts[]=jquery/jquery.debounce-1.0.5.js&scripts[]=jquery/jquery.menuResizer-1.0.js&scripts[]=rte.js&scripts[]=functions.js&scripts[]=navigation.js&scripts[]=indexes.js&scripts[]=common.js&scripts[]=codemirror/lib/codemirror.js&scripts[]=codemirror/mode/mysql/mysql.js HTTP/1.1" 200 578562
::1 - - [16/May/2022:14:55:00 +0200] "GET /phpmyadmin/phpmyadmin.css.php?server=1&token=f95cc4e06210033a2f3d8b4d689242c4&nocache=4956304277ltr HTTP/1.1" 200 88608
::1 - - [16/May/2022:14:55:00 +0200] "GET /phpmyadmin/js/get_image.js.php?theme=pmahomme HTTP/1.1" 200 6263
::1 - - [16/May/2022:14:55:01 +0200] "GET /phpmyadmin/themes/pmahomme/img/logo_right.png HTTP/1.1" 304 -
::1 - - [16/May/2022:14:55:01 +0200] "GET /phpmyadmin/themes/dot.gif HTTP/1.1" 304 -
::1 - - [16/May/2022:14:55:00 +0200] "GET /phpmyadmin/js/messages.php?lang=nl&db=&server=0&token=d0a53e83c51aa6681135e749f5201e39 HTTP/1.1" 200 18194
::1 - - [16/May/2022:14:55:01 +0200] "GET /phpmyadmin/themes/pmahomme/img/sprites.png HTTP/1.1" 304 -
::1 - - [16/May/2022:14:55:04 +0200] "POST /phpmyadmin/index.php HTTP/1.1" 302 -
::1 - - [16/May/2022:14:55:04 +0200] "GET /phpmyadmin/index.php?token=f95cc4e06210033a2f3d8b4d689242c4 HTTP/1.1" 200 46509
::1 - - [16/May/2022:14:55:05 +0200] "GET /phpmyadmin/phpmyadmin.css.php?server=1&token=f95cc4e06210033a2f3d8b4d689242c4&nocache=6609009982ltr HTTP/1.1" 200 88608
::1 - - [16/May/2022:14:55:05 +0200] "GET /phpmyadmin/themes/pmahomme/img/logo_left.png HTTP/1.1" 304 -
::1 - - [16/May/2022:14:55:05 +0200] "GET /phpmyadmin/themes/pmahomme/img/ajax_clock_small.gif HTTP/1.1" 304 -
::1 - - [16/May/2022:14:55:05 +0200] "GET /phpmyadmin/js/messages.php?lang=nl&db=&server=0&token=f95cc4e06210033a2f3d8b4d689242c4 HTTP/1.1" 200 18194
::1 - - [16/May/2022:14:55:05 +0200] "GET /phpmyadmin/themes/pmahomme/img/left_nav_bg.png HTTP/1.1" 304 -
::1 - - [16/May/2022:14:55:05 +0200] "GET /phpmyadmin/version_check.php?&_nocache=1652705705423121426 HTTP/1.1" 200 39
::1 - - [16/May/2022:14:55:12 +0200] "GET /phpmyadmin/server_databases.php?db=&token=f95cc4e06210033a2f3d8b4d689242c4&ajax_request=true&ajax_page_request=true&menuHashes=d65fa687&_nocache=165270571283647358 HTTP/1.1" 200 37467
::1 - - [16/May/2022:14:55:13 +0200] "GET /phpmyadmin/themes/pmahomme/img/arrow_ltr.png HTTP/1.1" 304 -
::1 - - [16/May/2022:14:55:12 +0200] "GET /phpmyadmin/js/get_scripts.js.php?scripts[]=server_databases.js HTTP/1.1" 200 1818
::1 - - [16/May/2022:14:55:20 +0200] "POST /phpmyadmin/db_create.php HTTP/1.1" 200 2369
::1 - - [16/May/2022:14:55:20 +0200] "POST /phpmyadmin/navigation.php?ajax_request=1&token=f95cc4e06210033a2f3d8b4d689242c4 HTTP/1.1" 200 3186
::1 - - [16/May/2022:14:55:21 +0200] "GET /phpmyadmin/db_structure.php?server=1&db=hamburger&token=f95cc4e06210033a2f3d8b4d689242c4&ajax_request=true&ajax_page_request=true&menuHashes=25792488-d65fa687&_nocache=1652705721636562318 HTTP/1.1" 200 5646
::1 - - [16/May/2022:14:55:21 +0200] "GET /phpmyadmin/js/get_scripts.js.php?scripts[]=db_structure.js&scripts[]=tbl_change.js HTTP/1.1" 200 12382
::1 - - [16/May/2022:14:55:51 +0200] "POST /phpmyadmin/tbl_create.php HTTP/1.1" 200 179337
::1 - - [16/May/2022:14:55:51 +0200] "GET /phpmyadmin/index.php?ajax_request=1&recent_table=1&token=f95cc4e06210033a2f3d8b4d689242c4 HTTP/1.1" 200 215
::1 - - [16/May/2022:14:56:07 +0200] "POST /phpmyadmin/tbl_create.php HTTP/1.1" 200 5062
::1 - - [16/May/2022:14:56:08 +0200] "GET /phpmyadmin/db_structure.php?token=f95cc4e06210033a2f3d8b4d689242c4&server=1&db=hamburger&table=prijs&ajax_request=true&ajax_page_request=true&menuHashes=25792488-d65fa687-10a63d95-1a794a2b&_nocache=1652705768085713424 HTTP/1.1" 200 12785
::1 - - [16/May/2022:14:56:08 +0200] "POST /phpmyadmin/navigation.php?ajax_request=1&token=f95cc4e06210033a2f3d8b4d689242c4 HTTP/1.1" 200 3186
::1 - - [16/May/2022:14:56:08 +0200] "GET /phpmyadmin/index.php?ajax_request=1&recent_table=1&token=f95cc4e06210033a2f3d8b4d689242c4 HTTP/1.1" 200 215
::1 - - [16/May/2022:14:56:13 +0200] "GET /phpmyadmin/sql.php?db=hamburger&token=f95cc4e06210033a2f3d8b4d689242c4&goto=db_structure.php&table=prijs&pos=0&ajax_request=true&ajax_page_request=true&menuHashes=25792488-d65fa687-10a63d95-1a794a2b-af30bf5c&_nocache=1652705773305664986 HTTP/1.1" 200 10260
::1 - - [16/May/2022:14:56:13 +0200] "GET /phpmyadmin/js/get_scripts.js.php?scripts[]=tbl_structure.js&scripts[]=gis_data_editor.js HTTP/1.1" 200 15188
::1 - - [16/May/2022:14:56:13 +0200] "GET /phpmyadmin/index.php?ajax_request=1&recent_table=1&token=f95cc4e06210033a2f3d8b4d689242c4 HTTP/1.1" 200 215
::1 - - [16/May/2022:14:56:17 +0200] "GET /phpmyadmin/tbl_structure.php?db=hamburger&table=prijs&token=f95cc4e06210033a2f3d8b4d689242c4&ajax_request=true&ajax_page_request=true&menuHashes=25792488-d65fa687-10a63d95-1a794a2b-af30bf5c-a1a2b589&_nocache=1652705777817699994 HTTP/1.1" 200 18408
::1 - - [16/May/2022:14:56:17 +0200] "GET /phpmyadmin/index.php?ajax_request=1&recent_table=1&token=f95cc4e06210033a2f3d8b4d689242c4 HTTP/1.1" 200 215
::1 - - [16/May/2022:14:56:19 +0200] "GET /phpmyadmin/tbl_sql.php?db=hamburger&table=prijs&token=f95cc4e06210033a2f3d8b4d689242c4&ajax_request=true&ajax_page_request=true&menuHashes=25792488-d65fa687-10a63d95-1a794a2b-af30bf5c-a1a2b589-74e61732&_nocache=1652705779497228315 HTTP/1.1" 200 8161
::1 - - [16/May/2022:14:56:19 +0200] "GET /phpmyadmin/js/get_scripts.js.php?scripts[]=makegrid.js&scripts[]=sql.js HTTP/1.1" 200 35099
::1 - - [16/May/2022:14:56:19 +0200] "GET /phpmyadmin/index.php?ajax_request=1&recent_table=1&token=f95cc4e06210033a2f3d8b4d689242c4 HTTP/1.1" 200 215
::1 - - [16/May/2022:14:56:20 +0200] "GET /phpmyadmin/tbl_structure.php?db=hamburger&table=prijs&token=f95cc4e06210033a2f3d8b4d689242c4&ajax_request=true&ajax_page_request=true&menuHashes=25792488-10a63d95-1a794a2b-af30bf5c-a1a2b589-74e61732-c13addfd&_nocache=1652705780657751489 HTTP/1.1" 200 15331
::1 - - [16/May/2022:14:56:20 +0200] "GET /phpmyadmin/index.php?ajax_request=1&recent_table=1&token=f95cc4e06210033a2f3d8b4d689242c4 HTTP/1.1" 200 215
::1 - - [16/May/2022:14:56:27 +0200] "GET /phpmyadmin/sql.php?db=hamburger&table=prijs&token=f95cc4e06210033a2f3d8b4d689242c4&pos=0&ajax_request=true&ajax_page_request=true&menuHashes=25792488-10a63d95-1a794a2b-af30bf5c-a1a2b589-74e61732-c13addfd&_nocache=1652705787282218636 HTTP/1.1" 200 7183
::1 - - [16/May/2022:14:56:27 +0200] "GET /phpmyadmin/index.php?ajax_request=1&recent_table=1&token=f95cc4e06210033a2f3d8b4d689242c4 HTTP/1.1" 200 215
