2016-01-26 11:44:35 780 [Note] Plugin 'FEDERATED' is disabled.
2016-01-26 11:44:35 780 [Note] InnoDB: The InnoDB memory heap is disabled
2016-01-26 11:44:35 780 [Note] InnoDB: Mutexes and rw_locks use Windows interlocked functions
2016-01-26 11:44:35 780 [Note] InnoDB: Compressed tables use zlib 1.2.3
2016-01-26 11:44:35 780 [Note] InnoDB: Not using CPU crc32 instructions
2016-01-26 11:44:35 780 [Note] InnoDB: Initializing buffer pool, size = 128.0M
2016-01-26 11:44:35 780 [Note] InnoDB: Completed initialization of buffer pool
2016-01-26 11:44:35 780 [Note] InnoDB: Setting log file D:\Documenten\TEMP\USBWebserver v8.6\mysql\data\ib_logfile101 size to 5 MB
2016-01-26 11:44:36 780 [Note] InnoDB: Setting log file D:\Documenten\TEMP\USBWebserver v8.6\mysql\data\ib_logfile1 size to 5 MB
2016-01-26 11:44:37 780 [Note] InnoDB: Renaming log file D:\Documenten\TEMP\USBWebserver v8.6\mysql\data\ib_logfile101 to D:\Documenten\TEMP\USBWebserver v8.6\mysql\data\ib_logfile0
2016-01-26 11:44:37 780 [Warning] InnoDB: New log files created, LSN=1626134
2016-01-26 11:44:37 780 [Note] InnoDB: Highest supported file format is Barracuda.
2016-01-26 11:44:37 780 [Note] InnoDB: 128 rollback segment(s) are active.
2016-01-26 11:44:37 780 [Note] InnoDB: Waiting for purge to start
2016-01-26 11:44:37 780 [Note] InnoDB: 5.6.13 started; log sequence number 1626636
2016-01-26 11:44:37 780 [Warning] No existing UUID has been found, so we assume that this is the first time that this server has been started. Generating a new UUID: cbb766b5-c419-11e5-8c44-e03f4981a39b.
2016-01-26 11:44:37 780 [Note] Server hostname (bind-address): '*'; port: 3307
2016-01-26 11:44:37 780 [Note] IPv6 is available.
2016-01-26 11:44:37 780 [Note]   - '::' resolves to '::';
2016-01-26 11:44:37 780 [Note] Server socket created on IP: '::'.
