2017-09-06 08:17:16 12660 [Note] Plugin 'FEDERATED' is disabled.
2017-09-06 08:17:16 12660 [Note] InnoDB: The InnoDB memory heap is disabled
2017-09-06 08:17:16 12660 [Note] InnoDB: Mutexes and rw_locks use Windows interlocked functions
2017-09-06 08:17:16 12660 [Note] InnoDB: Compressed tables use zlib 1.2.3
2017-09-06 08:17:16 12660 [Note] InnoDB: Not using CPU crc32 instructions
2017-09-06 08:17:16 12660 [Note] InnoDB: Initializing buffer pool, size = 128.0M
2017-09-06 08:17:16 12660 [Note] InnoDB: Completed initialization of buffer pool
2017-09-06 08:17:16 12660 [Note] InnoDB: Highest supported file format is Barracuda.
2017-09-06 08:17:16 12660 [Note] InnoDB: The log sequence numbers 1626134 and 1626134 in ibdata files do not match the log sequence number 7121556 in the ib_logfiles!
2017-09-06 08:17:16 12660 [Note] InnoDB: Database was not shutdown normally!
2017-09-06 08:17:16 12660 [Note] InnoDB: Starting crash recovery.
2017-09-06 08:17:16 12660 [Note] InnoDB: Reading tablespace information from the .ibd files...
2017-09-06 08:17:16 12660 [Note] InnoDB: Restoring possible half-written data pages 
2017-09-06 08:17:16 12660 [Note] InnoDB: from the doublewrite buffer...
2017-09-06 08:17:16 12660 [Note] InnoDB: 128 rollback segment(s) are active.
2017-09-06 08:17:16 12660 [Note] InnoDB: Waiting for purge to start
2017-09-06 08:17:16 12660 [Note] InnoDB: 5.6.13 started; log sequence number 7121556
2017-09-06 08:17:16 12660 [Note] Server hostname (bind-address): '*'; port: 3307
2017-09-06 08:17:16 12660 [Note] IPv6 is available.
2017-09-06 08:17:16 12660 [Note]   - '::' resolves to '::';
2017-09-06 08:17:16 12660 [Note] Server socket created on IP: '::'.
2018-01-04 10:26:38 9316 [Note] Plugin 'FEDERATED' is disabled.
2018-01-04 10:26:38 9316 [Note] InnoDB: The InnoDB memory heap is disabled
2018-01-04 10:26:38 9316 [Note] InnoDB: Mutexes and rw_locks use Windows interlocked functions
2018-01-04 10:26:38 9316 [Note] InnoDB: Compressed tables use zlib 1.2.3
2018-01-04 10:26:38 9316 [Note] InnoDB: Not using CPU crc32 instructions
2018-01-04 10:26:38 9316 [Note] InnoDB: Initializing buffer pool, size = 128.0M
2018-01-04 10:26:38 9316 [Note] InnoDB: Completed initialization of buffer pool
2018-01-04 10:26:38 9316 [Note] InnoDB: Highest supported file format is Barracuda.
2018-01-04 10:26:38 9316 [Note] InnoDB: The log sequence numbers 1626134 and 1626134 in ibdata files do not match the log sequence number 7121566 in the ib_logfiles!
2018-01-04 10:26:38 9316 [Note] InnoDB: Database was not shutdown normally!
2018-01-04 10:26:38 9316 [Note] InnoDB: Starting crash recovery.
2018-01-04 10:26:38 9316 [Note] InnoDB: Reading tablespace information from the .ibd files...
2018-01-04 10:26:38 9316 [Note] InnoDB: Restoring possible half-written data pages 
2018-01-04 10:26:38 9316 [Note] InnoDB: from the doublewrite buffer...
2018-01-04 10:26:38 9316 [Note] InnoDB: 128 rollback segment(s) are active.
2018-01-04 10:26:38 9316 [Note] InnoDB: Waiting for purge to start
2018-01-04 10:26:38 9316 [Note] InnoDB: 5.6.13 started; log sequence number 7121566
2018-01-04 10:26:38 9316 [Note] Server hostname (bind-address): '*'; port: 3307
2018-01-04 10:26:38 9316 [Note] IPv6 is available.
2018-01-04 10:26:38 9316 [Note]   - '::' resolves to '::';
2018-01-04 10:26:38 9316 [Note] Server socket created on IP: '::'.
2018-01-04 19:21:59 8884 [Note] Plugin 'FEDERATED' is disabled.
2018-01-04 19:21:59 8884 [Note] InnoDB: The InnoDB memory heap is disabled
2018-01-04 19:21:59 8884 [Note] InnoDB: Mutexes and rw_locks use Windows interlocked functions
2018-01-04 19:21:59 8884 [Note] InnoDB: Compressed tables use zlib 1.2.3
2018-01-04 19:21:59 8884 [Note] InnoDB: Not using CPU crc32 instructions
2018-01-04 19:21:59 8884 [Note] InnoDB: Initializing buffer pool, size = 128.0M
2018-01-04 19:21:59 8884 [Note] InnoDB: Completed initialization of buffer pool
2018-01-04 19:21:59 8884 [Note] InnoDB: Highest supported file format is Barracuda.
2018-01-04 19:21:59 8884 [Note] InnoDB: The log sequence numbers 1626134 and 1626134 in ibdata files do not match the log sequence number 7121576 in the ib_logfiles!
2018-01-04 19:21:59 8884 [Note] InnoDB: Database was not shutdown normally!
2018-01-04 19:21:59 8884 [Note] InnoDB: Starting crash recovery.
2018-01-04 19:21:59 8884 [Note] InnoDB: Reading tablespace information from the .ibd files...
2018-01-04 19:21:59 8884 [Note] InnoDB: Restoring possible half-written data pages 
2018-01-04 19:21:59 8884 [Note] InnoDB: from the doublewrite buffer...
2018-01-04 19:21:59 8884 [Note] InnoDB: 128 rollback segment(s) are active.
2018-01-04 19:21:59 8884 [Note] InnoDB: Waiting for purge to start
2018-01-04 19:21:59 8884 [Note] InnoDB: 5.6.13 started; log sequence number 7121576
2018-01-04 19:21:59 8884 [Note] Server hostname (bind-address): '*'; port: 3307
2018-01-04 19:21:59 8884 [Note] IPv6 is available.
2018-01-04 19:21:59 8884 [Note]   - '::' resolves to '::';
2018-01-04 19:21:59 8884 [Note] Server socket created on IP: '::'.
2018-03-04 19:17:13 10376 [Note] Plugin 'FEDERATED' is disabled.
2018-03-04 19:17:13 10376 [Note] InnoDB: The InnoDB memory heap is disabled
2018-03-04 19:17:13 10376 [Note] InnoDB: Mutexes and rw_locks use Windows interlocked functions
2018-03-04 19:17:13 10376 [Note] InnoDB: Compressed tables use zlib 1.2.3
2018-03-04 19:17:13 10376 [Note] InnoDB: Not using CPU crc32 instructions
2018-03-04 19:17:13 10376 [Note] InnoDB: Initializing buffer pool, size = 128.0M
2018-03-04 19:17:13 10376 [Note] InnoDB: Completed initialization of buffer pool
2018-03-04 19:17:13 10376 [Note] InnoDB: Highest supported file format is Barracuda.
2018-03-04 19:17:13 10376 [Note] InnoDB: The log sequence numbers 1626134 and 1626134 in ibdata files do not match the log sequence number 7142166 in the ib_logfiles!
2018-03-04 19:17:13 10376 [Note] InnoDB: Database was not shutdown normally!
2018-03-04 19:17:13 10376 [Note] InnoDB: Starting crash recovery.
2018-03-04 19:17:13 10376 [Note] InnoDB: Reading tablespace information from the .ibd files...
2018-03-04 19:17:13 10376 [Note] InnoDB: Restoring possible half-written data pages 
2018-03-04 19:17:13 10376 [Note] InnoDB: from the doublewrite buffer...
2018-03-04 19:17:13 10376 [Note] InnoDB: 128 rollback segment(s) are active.
2018-03-04 19:17:13 10376 [Note] InnoDB: Waiting for purge to start
2018-03-04 19:17:13 10376 [Note] InnoDB: 5.6.13 started; log sequence number 7142166
2018-03-04 19:17:13 10376 [Note] Server hostname (bind-address): '*'; port: 3307
2018-03-04 19:17:13 10376 [Note] IPv6 is available.
2018-03-04 19:17:13 10376 [Note]   - '::' resolves to '::';
2018-03-04 19:17:13 10376 [Note] Server socket created on IP: '::'.
2018-04-13 14:45:28 7960 [Note] Plugin 'FEDERATED' is disabled.
2018-04-13 14:45:28 7960 [Note] InnoDB: The InnoDB memory heap is disabled
2018-04-13 14:45:28 7960 [Note] InnoDB: Mutexes and rw_locks use Windows interlocked functions
2018-04-13 14:45:28 7960 [Note] InnoDB: Compressed tables use zlib 1.2.3
2018-04-13 14:45:28 7960 [Note] InnoDB: Not using CPU crc32 instructions
2018-04-13 14:45:28 7960 [Note] InnoDB: Initializing buffer pool, size = 128.0M
2018-04-13 14:45:28 7960 [Note] InnoDB: Completed initialization of buffer pool
2018-04-13 14:45:28 7960 [Note] InnoDB: Highest supported file format is Barracuda.
2018-04-13 14:45:28 7960 [Note] InnoDB: The log sequence numbers 1626134 and 1626134 in ibdata files do not match the log sequence number 7142176 in the ib_logfiles!
2018-04-13 14:45:28 7960 [Note] InnoDB: Database was not shutdown normally!
2018-04-13 14:45:28 7960 [Note] InnoDB: Starting crash recovery.
2018-04-13 14:45:28 7960 [Note] InnoDB: Reading tablespace information from the .ibd files...
2018-04-13 14:45:28 7960 [Note] InnoDB: Restoring possible half-written data pages 
2018-04-13 14:45:28 7960 [Note] InnoDB: from the doublewrite buffer...
2018-04-13 14:45:28 7960 [Note] InnoDB: 128 rollback segment(s) are active.
2018-04-13 14:45:28 7960 [Note] InnoDB: Waiting for purge to start
2018-04-13 14:45:28 7960 [Note] InnoDB: 5.6.13 started; log sequence number 7142176
2018-04-13 14:45:28 7960 [Note] Server hostname (bind-address): '*'; port: 3307
2018-04-13 14:45:28 7960 [Note] IPv6 is available.
2018-04-13 14:45:28 7960 [Note]   - '::' resolves to '::';
2018-04-13 14:45:28 7960 [Note] Server socket created on IP: '::'.
2018-04-14 09:16:29 9688 [Note] Plugin 'FEDERATED' is disabled.
2018-04-14 09:16:29 9688 [Note] InnoDB: The InnoDB memory heap is disabled
2018-04-14 09:16:29 9688 [Note] InnoDB: Mutexes and rw_locks use Windows interlocked functions
2018-04-14 09:16:29 9688 [Note] InnoDB: Compressed tables use zlib 1.2.3
2018-04-14 09:16:29 9688 [Note] InnoDB: Not using CPU crc32 instructions
2018-04-14 09:16:29 9688 [Note] InnoDB: Initializing buffer pool, size = 128.0M
2018-04-14 09:16:29 9688 [Note] InnoDB: Completed initialization of buffer pool
2018-04-14 09:16:29 9688 [Note] InnoDB: Highest supported file format is Barracuda.
2018-04-14 09:16:29 9688 [Note] InnoDB: The log sequence numbers 1626134 and 1626134 in ibdata files do not match the log sequence number 7142186 in the ib_logfiles!
2018-04-14 09:16:29 9688 [Note] InnoDB: Database was not shutdown normally!
2018-04-14 09:16:29 9688 [Note] InnoDB: Starting crash recovery.
2018-04-14 09:16:29 9688 [Note] InnoDB: Reading tablespace information from the .ibd files...
2018-04-14 09:16:29 9688 [Note] InnoDB: Restoring possible half-written data pages 
2018-04-14 09:16:29 9688 [Note] InnoDB: from the doublewrite buffer...
2018-04-14 09:16:29 9688 [Note] InnoDB: 128 rollback segment(s) are active.
2018-04-14 09:16:29 9688 [Note] InnoDB: Waiting for purge to start
2018-04-14 09:16:29 9688 [Note] InnoDB: 5.6.13 started; log sequence number 7142186
2018-04-14 09:16:29 9688 [Note] Server hostname (bind-address): '*'; port: 3307
2018-04-14 09:16:29 9688 [Note] IPv6 is available.
2018-04-14 09:16:29 9688 [Note]   - '::' resolves to '::';
2018-04-14 09:16:29 9688 [Note] Server socket created on IP: '::'.
2018-04-18 15:58:19 6576 [Note] Plugin 'FEDERATED' is disabled.
2018-04-18 15:58:19 6576 [Note] InnoDB: The InnoDB memory heap is disabled
2018-04-18 15:58:19 6576 [Note] InnoDB: Mutexes and rw_locks use Windows interlocked functions
2018-04-18 15:58:19 6576 [Note] InnoDB: Compressed tables use zlib 1.2.3
2018-04-18 15:58:19 6576 [Note] InnoDB: Not using CPU crc32 instructions
2018-04-18 15:58:19 6576 [Note] InnoDB: Initializing buffer pool, size = 128.0M
2018-04-18 15:58:19 6576 [Note] InnoDB: Completed initialization of buffer pool
2018-04-18 15:58:19 6576 [Note] InnoDB: Highest supported file format is Barracuda.
2018-04-18 15:58:19 6576 [Note] InnoDB: The log sequence numbers 1626134 and 1626134 in ibdata files do not match the log sequence number 7142196 in the ib_logfiles!
2018-04-18 15:58:19 6576 [Note] InnoDB: Database was not shutdown normally!
2018-04-18 15:58:19 6576 [Note] InnoDB: Starting crash recovery.
2018-04-18 15:58:19 6576 [Note] InnoDB: Reading tablespace information from the .ibd files...
2018-04-18 15:58:19 6576 [Note] InnoDB: Restoring possible half-written data pages 
2018-04-18 15:58:19 6576 [Note] InnoDB: from the doublewrite buffer...
2018-04-18 15:58:19 6576 [Note] InnoDB: 128 rollback segment(s) are active.
2018-04-18 15:58:19 6576 [Note] InnoDB: Waiting for purge to start
2018-04-18 15:58:19 6576 [Note] InnoDB: 5.6.13 started; log sequence number 7142196
2018-04-18 15:58:19 6576 [Note] Server hostname (bind-address): '*'; port: 3307
2018-04-18 15:58:19 6576 [Note] IPv6 is available.
2018-04-18 15:58:19 6576 [Note]   - '::' resolves to '::';
2018-04-18 15:58:19 6576 [Note] Server socket created on IP: '::'.
