2021-01-15 11:17:15 13484 [Note] Plugin 'FEDERATED' is disabled.
2021-01-15 11:17:15 13484 [Note] InnoDB: The InnoDB memory heap is disabled
2021-01-15 11:17:15 13484 [Note] InnoDB: Mutexes and rw_locks use Windows interlocked functions
2021-01-15 11:17:15 13484 [Note] InnoDB: Compressed tables use zlib 1.2.3
2021-01-15 11:17:15 13484 [Note] InnoDB: Not using CPU crc32 instructions
2021-01-15 11:17:15 13484 [Note] InnoDB: Initializing buffer pool, size = 128.0M
2021-01-15 11:17:15 13484 [Note] InnoDB: Completed initialization of buffer pool
2021-01-15 11:17:15 13484 [Note] InnoDB: Highest supported file format is Barracuda.
2021-01-15 11:17:15 13484 [Note] InnoDB: The log sequence numbers 1626134 and 1626134 in ibdata files do not match the log sequence number 7142206 in the ib_logfiles!
2021-01-15 11:17:15 13484 [Note] InnoDB: Database was not shutdown normally!
2021-01-15 11:17:15 13484 [Note] InnoDB: Starting crash recovery.
2021-01-15 11:17:15 13484 [Note] InnoDB: Reading tablespace information from the .ibd files...
2021-01-15 11:17:15 13484 [Note] InnoDB: Restoring possible half-written data pages 
2021-01-15 11:17:15 13484 [Note] InnoDB: from the doublewrite buffer...
2021-01-15 11:17:16 13484 [Note] InnoDB: 128 rollback segment(s) are active.
2021-01-15 11:17:16 13484 [Note] InnoDB: Waiting for purge to start
2021-01-15 11:17:16 13484 [Note] InnoDB: 5.6.13 started; log sequence number 7142206
2021-01-15 11:17:16 13484 [Note] Server hostname (bind-address): '*'; port: 3307
2021-01-15 11:17:16 13484 [Note] IPv6 is available.
2021-01-15 11:17:16 13484 [Note]   - '::' resolves to '::';
2021-01-15 11:17:16 13484 [Note] Server socket created on IP: '::'.
2021-01-15 11:37:56 14052 [Note] Plugin 'FEDERATED' is disabled.
2021-01-15 11:37:56 14052 [Note] InnoDB: The InnoDB memory heap is disabled
2021-01-15 11:37:56 14052 [Note] InnoDB: Mutexes and rw_locks use Windows interlocked functions
2021-01-15 11:37:56 14052 [Note] InnoDB: Compressed tables use zlib 1.2.3
2021-01-15 11:37:56 14052 [Note] InnoDB: Not using CPU crc32 instructions
2021-01-15 11:37:56 14052 [Note] InnoDB: Initializing buffer pool, size = 128.0M
2021-01-15 11:37:56 14052 [Note] InnoDB: Completed initialization of buffer pool
2021-01-15 11:37:56 14052 [Note] InnoDB: Highest supported file format is Barracuda.
2021-01-15 11:37:56 14052 [Note] InnoDB: The log sequence numbers 1626134 and 1626134 in ibdata files do not match the log sequence number 7142216 in the ib_logfiles!
2021-01-15 11:37:56 14052 [Note] InnoDB: Database was not shutdown normally!
2021-01-15 11:37:56 14052 [Note] InnoDB: Starting crash recovery.
2021-01-15 11:37:56 14052 [Note] InnoDB: Reading tablespace information from the .ibd files...
2021-01-15 11:37:56 14052 [Note] InnoDB: Restoring possible half-written data pages 
2021-01-15 11:37:56 14052 [Note] InnoDB: from the doublewrite buffer...
2021-01-15 11:37:56 14052 [Note] InnoDB: 128 rollback segment(s) are active.
2021-01-15 11:37:56 14052 [Note] InnoDB: Waiting for purge to start
2021-01-15 11:37:56 14052 [Note] InnoDB: 5.6.13 started; log sequence number 7142216
2021-01-15 11:37:56 14052 [Note] Server hostname (bind-address): '*'; port: 3307
2021-01-15 11:37:56 14052 [Note] IPv6 is available.
2021-01-15 11:37:56 14052 [Note]   - '::' resolves to '::';
2021-01-15 11:37:56 14052 [Note] Server socket created on IP: '::'.
